

Started GET "/user/" for ::1 at 2015-10-27 10:54:14 -0400

ActionController::RoutingError (No route matches [GET] "/user"):
  actionpack (4.2.4) lib/action_dispatch/middleware/debug_exceptions.rb:21:in `call'
  web-console (2.2.1) lib/web_console/middleware.rb:39:in `call'
  actionpack (4.2.4) lib/action_dispatch/middleware/show_exceptions.rb:30:in `call'
  railties (4.2.4) lib/rails/rack/logger.rb:38:in `call_app'
  railties (4.2.4) lib/rails/rack/logger.rb:20:in `block in call'
  activesupport (4.2.4) lib/active_support/tagged_logging.rb:68:in `block in tagged'
  activesupport (4.2.4) lib/active_support/tagged_logging.rb:26:in `tagged'
  activesupport (4.2.4) lib/active_support/tagged_logging.rb:68:in `tagged'
  railties (4.2.4) lib/rails/rack/logger.rb:20:in `call'
  actionpack (4.2.4) lib/action_dispatch/middleware/request_id.rb:21:in `call'
  rack (1.6.4) lib/rack/methodoverride.rb:22:in `call'
  rack (1.6.4) lib/rack/runtime.rb:18:in `call'
  activesupport (4.2.4) lib/active_support/cache/strategy/local_cache_middleware.rb:28:in `call'
  rack (1.6.4) lib/rack/lock.rb:17:in `call'
  actionpack (4.2.4) lib/action_dispatch/middleware/static.rb:116:in `call'
  rack (1.6.4) lib/rack/sendfile.rb:113:in `call'
  railties (4.2.4) lib/rails/engine.rb:518:in `call'
  railties (4.2.4) lib/rails/application.rb:165:in `call'
  rack (1.6.4) lib/rack/lock.rb:17:in `call'
  rack (1.6.4) lib/rack/content_length.rb:15:in `call'
  rack (1.6.4) lib/rack/handler/webrick.rb:88:in `service'
  /home/silvertail/.rvm/rubies/ruby-1.9.3-p551/lib/ruby/1.9.1/webrick/httpserver.rb:138:in `service'
  /home/silvertail/.rvm/rubies/ruby-1.9.3-p551/lib/ruby/1.9.1/webrick/httpserver.rb:94:in `run'
  /home/silvertail/.rvm/rubies/ruby-1.9.3-p551/lib/ruby/1.9.1/webrick/server.rb:191:in `block in start_thread'


  Rendered /home/silvertail/.rvm/gems/ruby-1.9.3-p551/gems/actionpack-4.2.4/lib/action_dispatch/middleware/templates/rescues/_trace.html.erb (6.5ms)
  Rendered /home/silvertail/.rvm/gems/ruby-1.9.3-p551/gems/actionpack-4.2.4/lib/action_dispatch/middleware/templates/routes/_table.html.erb (142.4ms)
  Rendered /home/silvertail/.rvm/gems/ruby-1.9.3-p551/gems/actionpack-4.2.4/lib/action_dispatch/middleware/templates/rescues/_request_and_response.html.erb (22.0ms)
  Rendered /home/silvertail/.rvm/gems/ruby-1.9.3-p551/gems/actionpack-4.2.4/lib/action_dispatch/middleware/templates/rescues/routing_error.html.erb within rescues/layout (276.8ms)
  Rendered /home/silvertail/.rvm/gems/ruby-1.9.3-p551/gems/web-console-2.2.1/lib/web_console/templates/_markup.html.erb (0.7ms)
  Rendered /home/silvertail/.rvm/gems/ruby-1.9.3-p551/gems/web-console-2.2.1/lib/web_console/templates/_inner_console_markup.html.erb within layouts/inlined_string (0.4ms)
  Rendered /home/silvertail/.rvm/gems/ruby-1.9.3-p551/gems/web-console-2.2.1/lib/web_console/templates/_prompt_box_markup.html.erb within layouts/inlined_string (0.1ms)
  Rendered /home/silvertail/.rvm/gems/ruby-1.9.3-p551/gems/web-console-2.2.1/lib/web_console/templates/style.css.erb within layouts/inlined_string (0.5ms)
  Rendered /home/silvertail/.rvm/gems/ruby-1.9.3-p551/gems/web-console-2.2.1/lib/web_console/templates/console.js.erb within layouts/javascript (40.4ms)
  Rendered /home/silvertail/.rvm/gems/ruby-1.9.3-p551/gems/web-console-2.2.1/lib/web_console/templates/main.js.erb within layouts/javascript (0.4ms)
  Rendered /home/silvertail/.rvm/gems/ruby-1.9.3-p551/gems/web-console-2.2.1/lib/web_console/templates/error_page.js.erb within layouts/javascript (0.5ms)
  Rendered /home/silvertail/.rvm/gems/ruby-1.9.3-p551/gems/web-console-2.2.1/lib/web_console/templates/index.html.erb (84.9ms)


Started GET "/" for ::1 at 2015-10-27 10:54:16 -0400
Processing by Rails::WelcomeController#index as HTML
  Rendered /home/silvertail/.rvm/gems/ruby-1.9.3-p551/gems/railties-4.2.4/lib/rails/templates/rails/welcome/index.html.erb (4.0ms)
Completed 200 OK in 7ms (Views: 5.7ms | ActiveRecord: 0.0ms)
  [1m[36m (27.5ms)[0m  [1mCREATE TABLE "schema_migrations" ("version" varchar NOT NULL) [0m
  [1m[35m (0.1ms)[0m  select sqlite_version(*)
  [1m[36m (5.4ms)[0m  [1mCREATE UNIQUE INDEX "unique_schema_migrations" ON "schema_migrations" ("version")[0m
  [1m[35mActiveRecord::SchemaMigration Load (0.1ms)[0m  SELECT "schema_migrations".* FROM "schema_migrations"
Migrating to CreateOrders (20151027152438)
  [1m[36m (0.1ms)[0m  [1mbegin transaction[0m
  [1m[35m (0.2ms)[0m  CREATE TABLE "orders" ("id" INTEGER PRIMARY KEY AUTOINCREMENT NOT NULL, "c_first_name" varchar, "c_last_name" varchar, "c_address" varchar, "c_city" varchar, "c_zip" varchar, "c_state" varchar, "c_telephone" varchar, "c_email" varchar, "r_first_name" varchar, "r_last_name" varchar, "r_address" varchar, "r_city" varchar, "r_state" varchar, "r_zip" varchar, "r_telephone" varchar, "r_email" varchar, "r_date" varchar, "r_guests" varchar, "r_time" varchar, "r_special_instructions" varchar, "package" varchar, "t1_size" varchar, "t1_flavor" varchar, "t1_filling" varchar, "t2_size" varchar, "t2_flavor" varchar, "t2_filling" varchar, "t3_size" varchar, "t3_flavor" varchar, "t3_filling" varchar, "t4_size" varchar, "t4_flavor" varchar, "t4_filling" varchar, "t5_size" varchar, "t5_flavor" varchar, "t5_filling" varchar, "base_price" decimal, "flower_price" decimal, "rolled_chocolate_price" decimal, "other_price" decimal, "tiering_price" decimal, "deposit" decimal, "balance" decimal, "vendor_balance" decimal, "consultant" varchar, "created_at" datetime NOT NULL, "updated_at" datetime NOT NULL) 
  [1m[36mSQL (0.4ms)[0m  [1mINSERT INTO "schema_migrations" ("version") VALUES (?)[0m  [["version", "20151027152438"]]
  [1m[35m (6.4ms)[0m  commit transaction
  [1m[36mActiveRecord::SchemaMigration Load (0.1ms)[0m  [1mSELECT "schema_migrations".* FROM "schema_migrations"[0m
